2023-02-28T15:48:01.919+0800	DEBUG	qpdatagather-go/main.go:31	profile = dev
2023-02-28T15:54:10.022+0800	INFO	api/device.go:74	&{1 test 验光仪 法里奥 kr9800   0}
2023-02-28T15:54:29.394+0800	DEBUG	qpdatagather-go/main.go:31	profile = dev
2023-02-28T15:57:02.029+0800	INFO	api/device.go:75	&{1 test 验光仪 法里奥 kr9800 3333333  0}
2023-02-28T15:58:27.538+0800	DEBUG	qpdatagather-go/main.go:31	profile = dev
2023-02-28T16:00:09.925+0800	INFO	api/device.go:75	&{1 test 验光仪 法里奥 kr9800 3333333  0}
2023-02-28T16:00:18.280+0800	INFO	api/device.go:72	&{1 test 验光仪 天乐 kr9800 3333333 {"od":{"s":"-0.25","c":"-0.55","a":"-0.65"},"os":{"s":"-0.25","c":"-0.55","a":"-0.65"},"r":{"s":"-0.25","c":"-0.55","a":"-0.65"},"l":{"s":"-0.25","c":"-0.55","a":"-0.65"},"pd":{"s":"","c":"","a":""}} 100}
2023-02-28T16:03:01.151+0800	DEBUG	qpdatagather-go/main.go:31	profile = dev
2023-02-28T16:03:05.341+0800	INFO	api/device.go:72	&{1 test 验光仪 天乐 kr9800 3333333 {"od":{"s":"-0.25","c":"-0.55","a":"-0.65"},"os":{"s":"-0.25","c":"-0.55","a":"-0.65"},"r":{"s":"-0.25","c":"-0.55","a":"-0.65"},"l":{"s":"-0.25","c":"-0.55","a":"-0.65"},"pd":""} 100}
2023-02-28T16:03:11.465+0800	INFO	api/device.go:72	&{1 test 验光仪 天乐 kr9800 3333333 {"od":{"s":"-0.25","c":"-0.55","a":"-0.65"},"os":{"s":"-0.25","c":"-0.55","a":"-0.65"},"r":{"s":"-0.25","c":"-0.55","a":"-0.65"},"l":{"s":"-0.25","c":"-0.55","a":"-0.65"},"pd":""} 100}
2023-02-28T16:05:43.344+0800	DEBUG	qpdatagather-go/main.go:31	profile = dev
2023-02-28T16:05:55.633+0800	INFO	api/device.go:73	[123 34 97 112 112 73 100 34 58 49 44 34 112 114 111 106 101 99 116 34 58 34 116 101 115 116 34 44 34 116 121 112 101 34 58 34 233 170 140 229 133 137 228 187 170 34 44 34 98 114 97 110 100 34 58 34 229 164 169 228 185 144 34 44 34 109 111 100 101 108 34 58 34 107 114 57 56 48 48 34 44 34 111 114 105 68 97 116 97 34 58 34 51 51 51 51 51 51 51 34 44 34 112 97 114 68 97 116 97 34 58 34 123 92 34 111 100 92 34 58 123 92 34 115 92 34 58 92 34 45 48 46 50 53 92 34 44 92 34 99 92 34 58 92 34 45 48 46 53 53 92 34 44 92 34 97 92 34 58 92 34 45 48 46 54 53 92 34 125 44 92 34 111 115 92 34 58 123 92 34 115 92 34 58 92 34 45 48 46 50 53 92 34 44 92 34 99 92 34 58 92 34 45 48 46 53 53 92 34 44 92 34 97 92 34 58 92 34 45 48 46 54 53 92 34 125 44 92 34 114 92 34 58 123 92 34 115 92 34 58 92 34 45 48 46 50 53 92 34 44 92 34 99 92 34 58 92 34 45 48 46 53 53 92 34 44 92 34 97 92 34 58 92 34 45 48 46 54 53 92 34 125 44 92 34 108 92 34 58 123 92 34 115 92 34 58 92 34 45 48 46 50 53 92 34 44 92 34 99 92 34 58 92 34 45 48 46 53 53 92 34 44 92 34 97 92 34 58 92 34 45 48 46 54 53 92 34 125 44 92 34 112 100 92 34 58 92 34 92 34 125 34 44 34 115 116 97 116 117 115 34 58 49 48 48 125]
2023-02-28T16:06:06.966+0800	DEBUG	qpdatagather-go/main.go:31	profile = dev
2023-02-28T16:06:10.795+0800	INFO	api/device.go:73	{"appId":1,"project":"test","type":"验光仪","brand":"天乐","model":"kr9800","oriData":"3333333","parData":"{\"od\":{\"s\":\"-0.25\",\"c\":\"-0.55\",\"a\":\"-0.65\"},\"os\":{\"s\":\"-0.25\",\"c\":\"-0.55\",\"a\":\"-0.65\"},\"r\":{\"s\":\"-0.25\",\"c\":\"-0.55\",\"a\":\"-0.65\"},\"l\":{\"s\":\"-0.25\",\"c\":\"-0.55\",\"a\":\"-0.65\"},\"pd\":\"\"}","status":100}
2023-02-28T16:10:42.739+0800	DEBUG	qpdatagather-go/main.go:31	profile = dev
2023-02-28T16:10:46.993+0800	INFO	api/device.go:73	&{AppId:1 Project:test Type:验光仪 Brand:天乐 Model:kr9800 OriData:3333333 ParData:{"od":{"s":"-0.25","c":"-0.55","a":"-0.65"},"os":{"s":"-0.25","c":"-0.55","a":"-0.65"},"r":{"s":"-0.25","c":"-0.55","a":"-0.65"},"l":{"s":"-0.25","c":"-0.55","a":"-0.65"},"pd":""} Status:100}
2023-02-28T16:11:42.723+0800	DEBUG	qpdatagather-go/main.go:31	profile = dev
2023-02-28T16:11:48.717+0800	INFO	api/device.go:73	&{1 test 验光仪 天乐 kr9800 3333333 {"od":{"s":"-0.25","c":"-0.55","a":"-0.65"},"os":{"s":"-0.25","c":"-0.55","a":"-0.65"},"r":{"s":"-0.25","c":"-0.55","a":"-0.65"},"l":{"s":"-0.25","c":"-0.55","a":"-0.65"},"pd":""} 100}
2023-02-28T16:26:52.073+0800	DEBUG	qpdatagather-go/main.go:31	profile = dev
2023-02-28T16:27:24.424+0800	DEBUG	qpdatagather-go/main.go:31	profile = dev
2023-02-28T16:27:28.095+0800	INFO	api/device.go:62	Device(appId=1, project=test, type=验光仪, brand=天乐, model=, oriData=3333333, parData={"od":{"s":"-0.25","c":"-0.55","a":"-0.65"},"os":{"s":"-0.25","c":"-0.55","a":"-0.65"},"r":{"s":"-0.25","c":"-0.55","a":"-0.65"},"l":{"s":"-0.25","c":"-0.55","a":"-0.65"},"pd":""}, status=100)
2023-02-28T16:28:15.477+0800	DEBUG	qpdatagather-go/main.go:31	profile = dev
2023-02-28T16:28:21.313+0800	INFO	api/device.go:62	Device(appId=1, project=test, type=验光仪, brand=天乐, model=kr9800, oriData=3333333, parData={"od":{"s":"-0.25","c":"-0.55","a":"-0.65"},"os":{"s":"-0.25","c":"-0.55","a":"-0.65"},"r":{"s":"-0.25","c":"-0.55","a":"-0.65"},"l":{"s":"-0.25","c":"-0.55","a":"-0.65"},"pd":""}, status=100)
2023-02-28T16:28:53.749+0800	INFO	api/device.go:65	Device(appId=1, project=test, type=验光仪, brand=天乐, model=33, oriData=3333333, parData=, status=0)
2023-02-28T16:32:32.714+0800	DEBUG	qpdatagather-go/main.go:31	profile = dev
2023-02-28T16:32:40.597+0800	INFO	api/device.go:62	Device(appId=1, project=test, type=验光仪, brand=天乐, model=kr9800, oriData=3333333, parData={"od":{"s":"-0.25","c":"-0.55","a":"-0.65"},"os":{"s":"-0.25","c":"-0.55","a":"-0.65"},"r":{"s":"-0.25","c":"-0.55","a":"-0.65"},"l":{"s":"-0.25","c":"-0.55","a":"-0.65"},"pd":""}, status=100)
2023-02-28T16:37:30.435+0800	DEBUG	qpdatagather-go/main.go:31	profile = dev
2023-02-28T16:37:40.831+0800	INFO	api/device.go:62	Device(appId=0, project=test, type=验光仪, brand=天乐, model=kr9800, oriData=3333333, parData={"od":{"s":"-0.25","c":"-0.55","a":"-0.65"},"os":{"s":"-0.25","c":"-0.55","a":"-0.65"},"r":{"s":"-0.25","c":"-0.55","a":"-0.65"},"l":{"s":"-0.25","c":"-0.55","a":"-0.65"},"pd":""}, status=100)
2023-02-28T16:38:24.094+0800	INFO	api/device.go:62	Device(appId=1, project=test, type=验光仪, brand=天乐, model=kr9800, oriData=3333333, parData={"od":{"s":"-0.25","c":"-0.55","a":"-0.65"},"os":{"s":"-0.25","c":"-0.55","a":"-0.65"},"r":{"s":"-0.25","c":"-0.55","a":"-0.65"},"l":{"s":"-0.25","c":"-0.55","a":"-0.65"},"pd":""}, status=100)
2023-02-28T16:38:47.631+0800	INFO	api/device.go:62	Device(appId=1, project=test, type=验光仪, brand=天乐, model=kr9800, oriData=3333333, parData={"od":{"s":"-0.25","c":"-0.55","a":"-0.65"},"os":{"s":"-0.25","c":"-0.55","a":"-0.65"},"r":{"s":"-0.25","c":"-0.55","a":"-0.65"},"l":{"s":"-0.25","c":"-0.55","a":"-0.65"},"pd":""}, status=100)
2023-02-28T16:39:32.039+0800	INFO	api/device.go:62	Device(appId=1, project=test, type=optometry, brand=天乐, model=kr9800, oriData=3333333, parData={"od":{"s":"-0.25","c":"-0.55","a":"-0.65"},"os":{"s":"-0.25","c":"-0.55","a":"-0.65"},"r":{"s":"-0.25","c":"-0.55","a":"-0.65"},"l":{"s":"-0.25","c":"-0.55","a":"-0.65"},"pd":""}, status=100)
2023-02-28T16:39:39.957+0800	INFO	api/device.go:62	Device(appId=1, project=test, type=optometry, brand=tianle, model=kr9800, oriData=3333333, parData={"od":{"s":"-0.25","c":"-0.55","a":"-0.65"},"os":{"s":"-0.25","c":"-0.55","a":"-0.65"},"r":{"s":"-0.25","c":"-0.55","a":"-0.65"},"l":{"s":"-0.25","c":"-0.55","a":"-0.65"},"pd":""}, status=100)
2023-02-28T16:39:44.810+0800	INFO	api/device.go:65	Device(appId=1, project=test, type=optometry, brand=tianle1, model=kr9800, oriData=3333333, parData=, status=0)
2023-02-28T16:39:53.051+0800	INFO	api/device.go:62	Device(appId=1, project=test, type=optometry, brand=tianle, model=kr9800, oriData=3333333, parData={"od":{"s":"-0.25","c":"-0.55","a":"-0.65"},"os":{"s":"-0.25","c":"-0.55","a":"-0.65"},"r":{"s":"-0.25","c":"-0.55","a":"-0.65"},"l":{"s":"-0.25","c":"-0.55","a":"-0.65"},"pd":""}, status=100)
